[2019-03-27 11:35:35] main.CRITICAL: Unable to send mail: mail(): Failed to connect to mailserver at &quot;localhost&quot; port 25, verify your &quot;SMTP&quot; and &quot;smtp_port&quot; setting in php.ini or use ini_set() {"exception":"[object] (Magento\\Framework\\Exception\\MailException(code: 0): Unable to send mail: mail(): Failed to connect to mailserver at &quot;localhost&quot; port 25, verify your &quot;SMTP&quot; and &quot;smtp_port&quot; setting in php.ini or use ini_set() at C:\\xampp\\htdocs\\projekty\\blm\edler2\\vendor\\magento\\module-email\\Model\\Transport.php:101, Zend\\Mail\\Transport\\Exception\\RuntimeException(code: 0): Unable to send mail: mail(): Failed to connect to mailserver at &quot;localhost&quot; port 25, verify your &quot;SMTP&quot; and &quot;smtp_port&quot; setting in php.ini or use ini_set() at C:\\xampp\\htdocs\\projekty\\blm\edler2\\vendor\\zendframework\\zend-mail\\src\\Transport\\Sendmail.php:305)"} []
[2019-03-27 13:48:27] main.CRITICAL: Field title can't be empty {"exception":"[object] (Magento\\Framework\\Exception\\LocalizedException(code: 0): Field title can't be empty at C:\\xampp\\htdocs\\projekty\\blm\edler2\\vendor\\magento\\module-theme\\Model\\Theme.php:337)"} []
[2019-03-27 13:48:27] main.CRITICAL: Field title can't be empty {"exception":"[object] (Magento\\Framework\\Exception\\LocalizedException(code: 0): Field title can't be empty at C:\\xampp\\htdocs\\projekty\\blm\edler2\\vendor\\magento\\module-theme\\Model\\Theme.php:337)"} []
[2019-03-27 13:48:30] main.CRITICAL: Field title can't be empty {"exception":"[object] (Magento\\Framework\\Exception\\LocalizedException(code: 0): Field title can't be empty at C:\\xampp\\htdocs\\projekty\\blm\edler2\\vendor\\magento\\module-theme\\Model\\Theme.php:337)"} []
[2019-03-27 13:48:30] main.CRITICAL: Field title can't be empty {"exception":"[object] (Magento\\Framework\\Exception\\LocalizedException(code: 0): Field title can't be empty at C:\\xampp\\htdocs\\projekty\\blm\edler2\\vendor\\magento\\module-theme\\Model\\Theme.php:337)"} []
[2019-03-27 14:41:08] main.CRITICAL: Unable to send mail: mail(): Failed to connect to mailserver at &quot;localhost&quot; port 25, verify your &quot;SMTP&quot; and &quot;smtp_port&quot; setting in php.ini or use ini_set() {"exception":"[object] (Magento\\Framework\\Exception\\MailException(code: 0): Unable to send mail: mail(): Failed to connect to mailserver at &quot;localhost&quot; port 25, verify your &quot;SMTP&quot; and &quot;smtp_port&quot; setting in php.ini or use ini_set() at C:\\xampp\\htdocs\\projekty\\blm\edler\\vendor\\magento\\module-email\\Model\\Transport.php:101, Zend\\Mail\\Transport\\Exception\\RuntimeException(code: 0): Unable to send mail: mail(): Failed to connect to mailserver at &quot;localhost&quot; port 25, verify your &quot;SMTP&quot; and &quot;smtp_port&quot; setting in php.ini or use ini_set() at C:\\xampp\\htdocs\\projekty\\blm\edler\\vendor\\zendframework\\zend-mail\\src\\Transport\\Sendmail.php:305)"} []
[2019-03-27 14:43:56] main.CRITICAL: Unable to send mail: mail(): Failed to connect to mailserver at &quot;localhost&quot; port 25, verify your &quot;SMTP&quot; and &quot;smtp_port&quot; setting in php.ini or use ini_set() {"exception":"[object] (Magento\\Framework\\Exception\\MailException(code: 0): Unable to send mail: mail(): Failed to connect to mailserver at &quot;localhost&quot; port 25, verify your &quot;SMTP&quot; and &quot;smtp_port&quot; setting in php.ini or use ini_set() at C:\\xampp\\htdocs\\projekty\\blm\edler\\vendor\\magento\\module-email\\Model\\Transport.php:101, Zend\\Mail\\Transport\\Exception\\RuntimeException(code: 0): Unable to send mail: mail(): Failed to connect to mailserver at &quot;localhost&quot; port 25, verify your &quot;SMTP&quot; and &quot;smtp_port&quot; setting in php.ini or use ini_set() at C:\\xampp\\htdocs\\projekty\\blm\edler\\vendor\\zendframework\\zend-mail\\src\\Transport\\Sendmail.php:305)"} []
[2019-03-27 14:45:07] main.CRITICAL: Class Magento\Quote\Api\Data\CartItemExtensionInterface does not exist
Class Magento\Quote\Model\Quote\Item\Interceptor generation error: The requested class did not generate properly, because the 'generated' directory permission is read-only. If --- after running the 'bin/magento setup:di:compile' CLI command when the 'generated' directory permission is set to write --- the requested class did not generate properly, then you must add the generated class object to the signature of the related construct method, only. {"exception":"[object] (RuntimeException(code: 0): Class Magento\\Quote\\Api\\Data\\CartItemExtensionInterface does not exist
Class Magento\\Quote\\Model\\Quote\\Item\\Interceptor generation error: The requested class did not generate properly, because the 'generated' directory permission is read-only. If --- after running the 'bin/magento setup:di:compile' CLI command when the 'generated' directory permission is set to write --- the requested class did not generate properly, then you must add the generated class object to the signature of the related construct method, only. at C:\\xampp\\htdocs\\projekty\\blm\edler\\vendor\\magento\\framework\\Code\\Generator.php:135)"} []
[2019-03-28 12:29:11] main.CRITICAL: Warning: simplexml_load_string(): namespace error : Namespace prefix xmls for xsi on handle is not defined in C:\xampp\htdocs\projekty\blm\redler\vendor\magento\framework\View\Model\Layout\Merge.php on line 516 {"exception":"[object] (Exception(code: 0): Warning: simplexml_load_string(): namespace error : Namespace prefix xmls for xsi on handle is not defined in C:\\xampp\\htdocs\\projekty\\blm\edler\\vendor\\magento\\framework\\View\\Model\\Layout\\Merge.php on line 516 at C:\\xampp\\htdocs\\projekty\\blm\edler\\vendor\\magento\\framework\\App\\ErrorHandler.php:61)"} []
[2019-03-28 12:31:46] main.CRITICAL: Warning: simplexml_load_string(): namespace error : Namespace prefix xmls for xsi on handle is not defined in C:\xampp\htdocs\projekty\blm\redler\vendor\magento\framework\View\Model\Layout\Merge.php on line 516 {"exception":"[object] (Exception(code: 0): Warning: simplexml_load_string(): namespace error : Namespace prefix xmls for xsi on handle is not defined in C:\\xampp\\htdocs\\projekty\\blm\edler\\vendor\\magento\\framework\\View\\Model\\Layout\\Merge.php on line 516 at C:\\xampp\\htdocs\\projekty\\blm\edler\\vendor\\magento\\framework\\App\\ErrorHandler.php:61)"} []
[2019-03-28 12:39:55] main.CRITICAL: Element 'arguments': This element is not expected. Expected is ( argument ).
Line: 1119
 {"exception":"[object] (Magento\\Framework\\Config\\Dom\\ValidationException(code: 0): Element 'arguments': This element is not expected. Expected is ( argument ).
Line: 1119
 at C:\\xampp\\htdocs\\projekty\\blm\edler\\vendor\\magento\\framework\\Config\\Dom.php:400)"} []
[2019-03-28 12:40:17] main.CRITICAL: Element 'arguments': This element is not expected. Expected is ( argument ).
Line: 1119
 {"exception":"[object] (Magento\\Framework\\Config\\Dom\\ValidationException(code: 0): Element 'arguments': This element is not expected. Expected is ( argument ).
Line: 1119
 at C:\\xampp\\htdocs\\projekty\\blm\edler\\vendor\\magento\\framework\\Config\\Dom.php:400)"} []
[2019-03-28 12:40:28] main.CRITICAL: Element 'arguments': This element is not expected. Expected is ( argument ).
Line: 1119
 {"exception":"[object] (Magento\\Framework\\Config\\Dom\\ValidationException(code: 0): Element 'arguments': This element is not expected. Expected is ( argument ).
Line: 1119
 at C:\\xampp\\htdocs\\projekty\\blm\edler\\vendor\\magento\\framework\\Config\\Dom.php:400)"} []
